<?xml version="1.0" encoding="UTF-8"?>
<!-- Generated by org.testng.reporters.JUnitReportReporter -->
<testsuite skipped="0" hostname="IND-5CG44506DZ" name="framework.AppiumFramework.Ecommerce_TC_2" tests="1" failures="0" timestamp="09 Aug 2019 10:52:19 GMT" time="86.647" errors="0">
  <testcase name="completeValidation" time="86.647" classname="framework.AppiumFramework.Ecommerce_TC_2"/>
</testsuite> <!-- framework.AppiumFramework.Ecommerce_TC_2 -->
